<?xml version="1.0" encoding="UTF-8"?>
<coverage generated="1617135429095" clover="3.2.0">
  <project timestamp="1617135429095" name="All files">
    <metrics statements="25" coveredstatements="25" conditionals="4" coveredconditionals="3" methods="7" coveredmethods="7" elements="36" coveredelements="35" complexity="0" loc="25" ncloc="25" packages="1" files="3" classes="3"/>
    <file name="itinerary.js" path="/Users/deanspooner/Desktop/MCR/cruise-ships/src/itinerary.js">
      <metrics statements="2" coveredstatements="2" conditionals="0" coveredconditionals="0" methods="1" coveredmethods="1"/>
      <line num="3" count="13" type="stmt"/>
      <line num="8" count="2" type="stmt"/>
    </file>
    <file name="port.js" path="/Users/deanspooner/Desktop/MCR/cruise-ships/src/port.js">
      <metrics statements="3" coveredstatements="3" conditionals="0" coveredconditionals="0" methods="1" coveredmethods="1"/>
      <line num="3" count="28" type="stmt"/>
      <line num="4" count="28" type="stmt"/>
      <line num="9" count="3" type="stmt"/>
    </file>
    <file name="ship.js" path="/Users/deanspooner/Desktop/MCR/cruise-ships/src/ship.js">
      <metrics statements="20" coveredstatements="20" conditionals="4" coveredconditionals="3" methods="5" coveredmethods="5"/>
      <line num="3" count="11" type="stmt"/>
      <line num="4" count="11" type="stmt"/>
      <line num="5" count="11" type="stmt"/>
      <line num="6" count="11" type="stmt"/>
      <line num="7" count="11" type="stmt"/>
      <line num="8" count="11" type="stmt"/>
      <line num="9" count="11" type="stmt"/>
      <line num="13" count="2" type="stmt"/>
      <line num="17" count="1" type="stmt"/>
      <line num="18" count="1" type="cond" truecount="1" falsecount="1"/>
      <line num="19" count="1" type="stmt"/>
      <line num="20" count="1" type="stmt"/>
      <line num="26" count="6" type="cond" truecount="2" falsecount="0"/>
      <line num="27" count="1" type="stmt"/>
      <line num="30" count="5" type="stmt"/>
      <line num="31" count="5" type="stmt"/>
      <line num="32" count="5" type="stmt"/>
      <line num="33" count="5" type="stmt"/>
      <line num="37" count="2" type="stmt"/>
      <line num="41" count="1" type="stmt"/>
    </file>
  </project>
</coverage>
