{"/Users/deanspooner/Desktop/MCR/cruise-ships/src/itinerary.js": {"path":"/Users/deanspooner/Desktop/MCR/cruise-ships/src/itinerary.js","statementMap":{"0":{"start":{"line":3,"column":4},"end":{"line":3,"column":27}},"1":{"start":{"line":8,"column":0},"end":{"line":8,"column":27}}},"fnMap":{"0":{"name":"(anonymous_0)","decl":{"start":{"line":2,"column":0},"end":{"line":2,"column":1}},"loc":{"start":{"line":2,"column":22},"end":{"line":4,"column":1}},"line":2}},"branchMap":{},"s":{"0":13,"1":2},"f":{"0":13},"b":{},"_coverageSchema":"1a1c01bbd47fc00a2c39e90264f33305004495a9","hash":"4d252d08b0bc4e64f9dc004d35ad206ac35f51a5"}
,"/Users/deanspooner/Desktop/MCR/cruise-ships/src/port.js": {"path":"/Users/deanspooner/Desktop/MCR/cruise-ships/src/port.js","statementMap":{"0":{"start":{"line":3,"column":8},"end":{"line":3,"column":29}},"1":{"start":{"line":4,"column":8},"end":{"line":4,"column":24}},"2":{"start":{"line":9,"column":0},"end":{"line":9,"column":22}}},"fnMap":{"0":{"name":"(anonymous_0)","decl":{"start":{"line":2,"column":4},"end":{"line":2,"column":5}},"loc":{"start":{"line":2,"column":26},"end":{"line":5,"column":5}},"line":2}},"branchMap":{},"s":{"0":28,"1":28,"2":3},"f":{"0":28},"b":{},"_coverageSchema":"1a1c01bbd47fc00a2c39e90264f33305004495a9","hash":"4a4179dbf135e8dd883c5143ec352364c1b27182"}
,"/Users/deanspooner/Desktop/MCR/cruise-ships/src/ship.js": {"path":"/Users/deanspooner/Desktop/MCR/cruise-ships/src/ship.js","statementMap":{"0":{"start":{"line":3,"column":8},"end":{"line":3,"column":35}},"1":{"start":{"line":4,"column":8},"end":{"line":4,"column":33}},"2":{"start":{"line":5,"column":8},"end":{"line":5,"column":46}},"3":{"start":{"line":6,"column":8},"end":{"line":6,"column":29}},"4":{"start":{"line":7,"column":8},"end":{"line":7,"column":36}},"5":{"start":{"line":8,"column":8},"end":{"line":8,"column":27}},"6":{"start":{"line":9,"column":8},"end":{"line":9,"column":35}},"7":{"start":{"line":13,"column":8},"end":{"line":13,"column":39}},"8":{"start":{"line":17,"column":8},"end":{"line":22,"column":9}},"9":{"start":{"line":17,"column":21},"end":{"line":17,"column":22}},"10":{"start":{"line":18,"column":12},"end":{"line":21,"column":13}},"11":{"start":{"line":19,"column":30},"end":{"line":19,"column":60}},"12":{"start":{"line":20,"column":16},"end":{"line":20,"column":56}},"13":{"start":{"line":26,"column":0},"end":{"line":28,"column":1}},"14":{"start":{"line":27,"column":8},"end":{"line":27,"column":53}},"15":{"start":{"line":30,"column":8},"end":{"line":30,"column":45}},"16":{"start":{"line":31,"column":8},"end":{"line":31,"column":32}},"17":{"start":{"line":32,"column":8},"end":{"line":32,"column":36}},"18":{"start":{"line":33,"column":8},"end":{"line":33,"column":26}},"19":{"start":{"line":37,"column":8},"end":{"line":37,"column":72}},"20":{"start":{"line":41,"column":0},"end":{"line":41,"column":22}}},"fnMap":{"0":{"name":"(anonymous_0)","decl":{"start":{"line":2,"column":4},"end":{"line":2,"column":5}},"loc":{"start":{"line":2,"column":27},"end":{"line":10,"column":5}},"line":2},"1":{"name":"(anonymous_1)","decl":{"start":{"line":12,"column":4},"end":{"line":12,"column":5}},"loc":{"start":{"line":12,"column":27},"end":{"line":14,"column":5}},"line":12},"2":{"name":"(anonymous_2)","decl":{"start":{"line":16,"column":4},"end":{"line":16,"column":5}},"loc":{"start":{"line":16,"column":30},"end":{"line":23,"column":5}},"line":16},"3":{"name":"(anonymous_3)","decl":{"start":{"line":25,"column":4},"end":{"line":25,"column":5}},"loc":{"start":{"line":25,"column":14},"end":{"line":34,"column":5}},"line":25},"4":{"name":"(anonymous_4)","decl":{"start":{"line":36,"column":4},"end":{"line":36,"column":5}},"loc":{"start":{"line":36,"column":11},"end":{"line":38,"column":5}},"line":36}},"branchMap":{"0":{"loc":{"start":{"line":18,"column":12},"end":{"line":21,"column":13}},"type":"if","locations":[{"start":{"line":18,"column":12},"end":{"line":21,"column":13}},{"start":{"line":18,"column":12},"end":{"line":21,"column":13}}],"line":18},"1":{"loc":{"start":{"line":26,"column":0},"end":{"line":28,"column":1}},"type":"if","locations":[{"start":{"line":26,"column":0},"end":{"line":28,"column":1}},{"start":{"line":26,"column":0},"end":{"line":28,"column":1}}],"line":26}},"s":{"0":11,"1":11,"2":11,"3":11,"4":11,"5":11,"6":11,"7":2,"8":1,"9":1,"10":1,"11":1,"12":1,"13":6,"14":1,"15":5,"16":5,"17":5,"18":5,"19":2,"20":1},"f":{"0":11,"1":2,"2":1,"3":6,"4":2},"b":{"0":[1,0],"1":[1,5]},"_coverageSchema":"1a1c01bbd47fc00a2c39e90264f33305004495a9","hash":"fcc65f2c67ece9dca619041473e0acc84188db1d"}
}
