TN:
SF:src/itinerary.js
FN:2,(anonymous_0)
FNF:1
FNH:1
FNDA:13,(anonymous_0)
DA:3,13
DA:8,2
LF:2
LH:2
BRF:0
BRH:0
end_of_record
TN:
SF:src/port.js
FN:2,(anonymous_0)
FNF:1
FNH:1
FNDA:28,(anonymous_0)
DA:3,28
DA:4,28
DA:9,3
LF:3
LH:3
BRF:0
BRH:0
end_of_record
TN:
SF:src/ship.js
FN:2,(anonymous_0)
FN:12,(anonymous_1)
FN:16,(anonymous_2)
FN:25,(anonymous_3)
FN:36,(anonymous_4)
FNF:5
FNH:5
FNDA:11,(anonymous_0)
FNDA:2,(anonymous_1)
FNDA:1,(anonymous_2)
FNDA:6,(anonymous_3)
FNDA:2,(anonymous_4)
DA:3,11
DA:4,11
DA:5,11
DA:6,11
DA:7,11
DA:8,11
DA:9,11
DA:13,2
DA:17,1
DA:18,1
DA:19,1
DA:20,1
DA:26,6
DA:27,1
DA:30,5
DA:31,5
DA:32,5
DA:33,5
DA:37,2
DA:41,1
LF:20
LH:20
BRDA:18,0,0,1
BRDA:18,0,1,0
BRDA:26,1,0,1
BRDA:26,1,1,5
BRF:4
BRH:3
end_of_record
